[2021-02-08 16:04:43.942] [exthost] [info] extension host started
[2021-02-08 16:04:44.015] [exthost] [info] ExtensionService#_doActivateExtension vscode.debug-auto-launch {"startup":true,"extensionId":{"value":"vscode.debug-auto-launch","_lower":"vscode.debug-auto-launch"},"activationEvent":"*"}
[2021-02-08 16:04:44.015] [exthost] [info] ExtensionService#loadCommonJSModule file:///root/.vscode-server/bin/8490d3dde47c57ba65ec40dd192d014fd2113496/extensions/debug-auto-launch/dist/extension
[2021-02-08 16:04:44.023] [exthost] [info] ExtensionService#_doActivateExtension vscode.git {"startup":true,"extensionId":{"value":"vscode.github","_lower":"vscode.github"},"activationEvent":"*"}
[2021-02-08 16:04:44.025] [exthost] [info] ExtensionService#loadCommonJSModule file:///root/.vscode-server/bin/8490d3dde47c57ba65ec40dd192d014fd2113496/extensions/git/dist/main
[2021-02-08 16:04:44.279] [exthost] [info] ExtensionService#_doActivateExtension vscode.github {"startup":true,"extensionId":{"value":"vscode.github","_lower":"vscode.github"},"activationEvent":"*"}
[2021-02-08 16:04:44.281] [exthost] [info] ExtensionService#loadCommonJSModule file:///root/.vscode-server/bin/8490d3dde47c57ba65ec40dd192d014fd2113496/extensions/github/dist/extension.js
[2021-02-08 16:04:44.334] [exthost] [info] ExtensionService#_doActivateExtension vscode.emmet {"startup":false,"extensionId":{"value":"vscode.emmet","_lower":"vscode.emmet"},"activationEvent":"onStartupFinished"}
[2021-02-08 16:04:44.334] [exthost] [info] ExtensionService#loadCommonJSModule file:///root/.vscode-server/bin/8490d3dde47c57ba65ec40dd192d014fd2113496/extensions/emmet/dist/node/emmetNodeMain
[2021-02-08 16:04:44.347] [exthost] [info] ExtensionService#_doActivateExtension vscode.merge-conflict {"startup":false,"extensionId":{"value":"vscode.merge-conflict","_lower":"vscode.merge-conflict"},"activationEvent":"onStartupFinished"}
[2021-02-08 16:04:44.347] [exthost] [info] ExtensionService#loadCommonJSModule file:///root/.vscode-server/bin/8490d3dde47c57ba65ec40dd192d014fd2113496/extensions/merge-conflict/dist/mergeConflictMain
[2021-02-08 16:04:44.351] [exthost] [info] ExtensionService#_doActivateExtension vscode.testing-editor-contributions {"startup":false,"extensionId":{"value":"vscode.testing-editor-contributions","_lower":"vscode.testing-editor-contributions"},"activationEvent":"onStartupFinished"}
[2021-02-08 16:04:44.351] [exthost] [info] ExtensionService#loadCommonJSModule file:///root/.vscode-server/bin/8490d3dde47c57ba65ec40dd192d014fd2113496/extensions/testing-editor-contributions/dist/extension.js
[2021-02-08 16:04:44.354] [exthost] [info] eager extensions activated
[2021-02-08 16:04:44.380] [exthost] [info] ExtensionService#_doActivateExtension ms-vscode.js-debug {"startup":false,"extensionId":{"value":"ms-vscode.js-debug","_lower":"ms-vscode.js-debug"},"activationEvent":"onCommand:extension.js-debug.clearAutoAttachVariables"}
[2021-02-08 16:04:44.380] [exthost] [info] ExtensionService#loadCommonJSModule file:///root/.vscode-server/bin/8490d3dde47c57ba65ec40dd192d014fd2113496/extensions/ms-vscode.js-debug/src/extension.js
[2021-02-08 16:06:54.322] [exthost] [info] ExtensionService#_doActivateExtension vscode.configuration-editing {"startup":false,"extensionId":{"value":"vscode.configuration-editing","_lower":"vscode.configuration-editing"},"activationEvent":"onLanguage:json"}
[2021-02-08 16:06:54.323] [exthost] [info] ExtensionService#loadCommonJSModule file:///root/.vscode-server/bin/8490d3dde47c57ba65ec40dd192d014fd2113496/extensions/configuration-editing/dist/configurationEditingMain
[2021-02-08 16:06:54.335] [exthost] [info] ExtensionService#_doActivateExtension vscode.extension-editing {"startup":false,"extensionId":{"value":"vscode.extension-editing","_lower":"vscode.extension-editing"},"activationEvent":"onLanguage:json"}
[2021-02-08 16:06:54.336] [exthost] [info] ExtensionService#loadCommonJSModule file:///root/.vscode-server/bin/8490d3dde47c57ba65ec40dd192d014fd2113496/extensions/extension-editing/dist/extensionEditingMain
[2021-02-08 16:06:54.348] [exthost] [info] ExtensionService#_doActivateExtension vscode.json-language-features {"startup":false,"extensionId":{"value":"vscode.json-language-features","_lower":"vscode.json-language-features"},"activationEvent":"onLanguage:json"}
[2021-02-08 16:06:54.349] [exthost] [info] ExtensionService#loadCommonJSModule file:///root/.vscode-server/bin/8490d3dde47c57ba65ec40dd192d014fd2113496/extensions/json-language-features/client/dist/node/jsonClientMain
[2021-02-08 16:06:54.412] [exthost] [info] ExtensionService#_doActivateExtension vscode.npm {"startup":false,"extensionId":{"value":"vscode.npm","_lower":"vscode.npm"},"activationEvent":"onLanguage:json"}
[2021-02-08 16:06:54.412] [exthost] [info] ExtensionService#loadCommonJSModule file:///root/.vscode-server/bin/8490d3dde47c57ba65ec40dd192d014fd2113496/extensions/npm/dist/npmMain
[2021-02-08 16:06:54.438] [exthost] [info] ExtensionService#_doActivateExtension vscode.typescript-language-features {"startup":false,"extensionId":{"value":"vscode.typescript-language-features","_lower":"vscode.typescript-language-features"},"activationEvent":"onLanguage:typescript"}
[2021-02-08 16:06:54.439] [exthost] [info] ExtensionService#loadCommonJSModule file:///root/.vscode-server/bin/8490d3dde47c57ba65ec40dd192d014fd2113496/extensions/typescript-language-features/dist/extension
[2021-02-08 16:07:03.287] [exthost] [info] ExtensionService#_doActivateExtension redhat.vscode-yaml {"startup":false,"extensionId":{"value":"redhat.vscode-yaml","_lower":"redhat.vscode-yaml"},"activationEvent":"onLanguage:yaml"}
[2021-02-08 16:07:03.287] [exthost] [info] ExtensionService#loadCommonJSModule file:///root/.vscode-server/extensions/redhat.vscode-yaml-0.14.0/out/src/extension
[2021-02-08 16:07:03.741] [exthost] [warning] [redhat.vscode-yaml] Accessing a resource scoped configuration without providing a resource is not expected. To get the effective value for '[yaml]', provide the URI of a resource or 'null' for any resource.
[2021-02-08 16:07:29.623] [exthost] [info] ExtensionService#_doActivateExtension oderwat.indent-rainbow {"startup":false,"extensionId":{"value":"oderwat.indent-rainbow","_lower":"oderwat.indent-rainbow"},"activationEvent":"*"}
[2021-02-08 16:07:29.624] [exthost] [info] ExtensionService#loadCommonJSModule file:///root/.vscode-server/extensions/oderwat.indent-rainbow-7.5.0/out/extension
