[2021-02-10 18:30:41.309] [exthost] [info] extension host started
[2021-02-10 18:30:41.469] [exthost] [info] ExtensionService#_doActivateExtension redhat.vscode-yaml {"startup":false,"extensionId":{"value":"redhat.vscode-yaml","_lower":"redhat.vscode-yaml"},"activationEvent":"onLanguage:yaml"}
[2021-02-10 18:30:41.469] [exthost] [info] ExtensionService#loadCommonJSModule file:///root/.vscode-server/extensions/redhat.vscode-yaml-0.15.0/out/src/extension
[2021-02-10 18:30:41.625] [exthost] [info] ExtensionService#_doActivateExtension vscode.debug-auto-launch {"startup":true,"extensionId":{"value":"vscode.debug-auto-launch","_lower":"vscode.debug-auto-launch"},"activationEvent":"*"}
[2021-02-10 18:30:41.627] [exthost] [info] ExtensionService#loadCommonJSModule file:///root/.vscode-server/bin/8490d3dde47c57ba65ec40dd192d014fd2113496/extensions/debug-auto-launch/dist/extension
[2021-02-10 18:30:41.634] [exthost] [info] ExtensionService#_doActivateExtension vscode.git {"startup":true,"extensionId":{"value":"vscode.github","_lower":"vscode.github"},"activationEvent":"*"}
[2021-02-10 18:30:41.635] [exthost] [info] ExtensionService#loadCommonJSModule file:///root/.vscode-server/bin/8490d3dde47c57ba65ec40dd192d014fd2113496/extensions/git/dist/main
[2021-02-10 18:30:41.812] [exthost] [info] ExtensionService#_doActivateExtension oderwat.indent-rainbow {"startup":true,"extensionId":{"value":"oderwat.indent-rainbow","_lower":"oderwat.indent-rainbow"},"activationEvent":"*"}
[2021-02-10 18:30:41.812] [exthost] [info] ExtensionService#loadCommonJSModule file:///root/.vscode-server/extensions/oderwat.indent-rainbow-7.5.0/out/extension
[2021-02-10 18:30:41.889] [exthost] [info] ExtensionService#_doActivateExtension vscode.github {"startup":true,"extensionId":{"value":"vscode.github","_lower":"vscode.github"},"activationEvent":"*"}
[2021-02-10 18:30:41.890] [exthost] [info] ExtensionService#loadCommonJSModule file:///root/.vscode-server/bin/8490d3dde47c57ba65ec40dd192d014fd2113496/extensions/github/dist/extension.js
[2021-02-10 18:30:42.059] [exthost] [info] ExtensionService#_doActivateExtension vscode.emmet {"startup":false,"extensionId":{"value":"vscode.emmet","_lower":"vscode.emmet"},"activationEvent":"onStartupFinished"}
[2021-02-10 18:30:42.060] [exthost] [info] ExtensionService#loadCommonJSModule file:///root/.vscode-server/bin/8490d3dde47c57ba65ec40dd192d014fd2113496/extensions/emmet/dist/node/emmetNodeMain
[2021-02-10 18:30:42.118] [exthost] [info] ExtensionService#_doActivateExtension vscode.merge-conflict {"startup":false,"extensionId":{"value":"vscode.merge-conflict","_lower":"vscode.merge-conflict"},"activationEvent":"onStartupFinished"}
[2021-02-10 18:30:42.125] [exthost] [info] ExtensionService#loadCommonJSModule file:///root/.vscode-server/bin/8490d3dde47c57ba65ec40dd192d014fd2113496/extensions/merge-conflict/dist/mergeConflictMain
[2021-02-10 18:30:42.141] [exthost] [info] ExtensionService#_doActivateExtension vscode.testing-editor-contributions {"startup":false,"extensionId":{"value":"vscode.testing-editor-contributions","_lower":"vscode.testing-editor-contributions"},"activationEvent":"onStartupFinished"}
[2021-02-10 18:30:42.144] [exthost] [info] ExtensionService#loadCommonJSModule file:///root/.vscode-server/bin/8490d3dde47c57ba65ec40dd192d014fd2113496/extensions/testing-editor-contributions/dist/extension.js
[2021-02-10 18:30:42.154] [exthost] [info] eager extensions activated
[2021-02-10 18:30:42.171] [exthost] [info] ExtensionService#_doActivateExtension ms-vscode.js-debug {"startup":false,"extensionId":{"value":"ms-vscode.js-debug","_lower":"ms-vscode.js-debug"},"activationEvent":"onCommand:extension.js-debug.clearAutoAttachVariables"}
[2021-02-10 18:30:42.178] [exthost] [info] ExtensionService#loadCommonJSModule file:///root/.vscode-server/bin/8490d3dde47c57ba65ec40dd192d014fd2113496/extensions/ms-vscode.js-debug/src/extension.js
[2021-02-10 18:30:43.356] [exthost] [warning] [redhat.vscode-yaml] Accessing a resource scoped configuration without providing a resource is not expected. To get the effective value for '[yaml]', provide the URI of a resource or 'null' for any resource.
[2021-02-10 18:44:55.843] [exthost] [info] ExtensionService#_doActivateExtension vscode.php-language-features {"startup":false,"extensionId":{"value":"vscode.php-language-features","_lower":"vscode.php-language-features"},"activationEvent":"onLanguage:php"}
[2021-02-10 18:44:55.844] [exthost] [info] ExtensionService#loadCommonJSModule file:///root/.vscode-server/bin/8490d3dde47c57ba65ec40dd192d014fd2113496/extensions/php-language-features/dist/phpMain
